<?xml version="1.0" encoding="UTF-8"?>
<!-- Generated by org.testng.reporters.JUnitReportReporter -->
<testsuite skipped="0" hostname="DESKTOP-O7LM0VM" name="Test.TestAPICaseStudy" tests="8" failures="0" timestamp="2021-05-09T20:21:59 IST" time="12.359" errors="0">
  <testcase name="login" time="0.880" classname="Test.TestAPICaseStudy"/>
  <system-out/>
  <testcase name="GetUser" time="0.761" classname="Test.TestAPICaseStudy"/>
  <system-out/>
  <testcase name="GetCategories" time="5.634" classname="Test.TestAPICaseStudy"/>
  <system-out/>
  <testcase name="AddProductCategories" time="1.078" classname="Test.TestAPICaseStudy"/>
  <system-out/>
  <testcase name="GetProductCategoriesByID" time="1.753" classname="Test.TestAPICaseStudy"/>
  <system-out/>
  <testcase name="DeleteProductCategoriesByID" time="0.856" classname="Test.TestAPICaseStudy"/>
  <system-out/>
  <testcase name="VerifyDeleteProductCategoriesByID" time="0.686" classname="Test.TestAPICaseStudy"/>
  <system-out/>
  <testcase name="Getlogout" time="0.711" classname="Test.TestAPICaseStudy"/>
  <system-out/>
</testsuite> <!-- Test.TestAPICaseStudy -->
