<?xml version="1.0" encoding="UTF-8"?>
<!-- Generated by org.testng.reporters.JUnitReportReporter -->
<testsuite skipped="0" hostname="DESKTOP-O7LM0VM" name="Project.BaseTestCaseStudy" tests="1" failures="0" timestamp="2021-05-06T17:33:40 IST" time="5.974" errors="0">
  <testcase name="login" time="5.974" classname="Project.BaseTestCaseStudy"/>
  <system-out/>
</testsuite> <!-- Project.BaseTestCaseStudy -->
