<?xml version="1.0" encoding="UTF-8"?>
<!-- Generated by org.testng.reporters.JUnitReportReporter -->
<testsuite skipped="0" hostname="DESKTOP-O7LM0VM" name="Test.TestAPI" tests="1" failures="0" timestamp="2021-05-05T22:19:31 IST" time="6.672" errors="0">
  <testcase name="login" time="6.672" classname="Test.TestAPI"/>
  <system-out/>
</testsuite> <!-- Test.TestAPI -->
